<?xml version="1.0" encoding="UTF-8" ?>
<testsuites>
  <testsuite errors="0" failures="0" hostname="Friedrich-PC" id="0" name="CutTest" package="" tests="1" time="0.189" timestamp="2011-12-04T11:28:27">
      <properties>
[...]
</properties>

      <testcase classname="CutTest" name="test" time="0.0030" />

      <system-out><![CDATA[]]></system-out>

      <system-err><![CDATA[]]></system-err>

  </testsuite>
  <testsuite errors="0" failures="0" hostname="Friedrich-PC" id="1" name="ParserToolsTest" package="" tests="9" time="0.163" timestamp="2011-12-04T11:28:28">
      <properties>
[...]
</properties>

      <testcase classname="ParserToolsTest" name="testStandardEmail" time="0.017" />

      <testcase classname="ParserToolsTest" name="testEmailIsNot_A_URL" time="0.0" />

      <testcase classname="ParserToolsTest" name="testEmailWorksWith4LetterDomain" time="0.0" />

      <testcase classname="ParserToolsTest" name="testEmailWithNumbers" time="0.0" />

      <testcase classname="ParserToolsTest" name="testEmailWithDomainNumbers" time="0.0010" />

      <testcase classname="ParserToolsTest" name="testEmailWithoutDomain" time="0.0" />

      <testcase classname="ParserToolsTest" name="testEmailTooShort" time="0.0" />

      <testcase classname="ParserToolsTest" name="testEmailWith4LengthDomain" time="0.0" />

      <testcase classname="ParserToolsTest" name="testHyphenEmail" time="0.0" />

      <system-out><![CDATA[]]></system-out>

      <system-err><![CDATA[]]></system-err>

  </testsuite>
</testsuites>
